*** Using Compiler 'V5.06 update 7 (build 960)', folder: 'C:\Keil_v5\ARM\ARMCC\Bin'
Rebuild target 'PROJECT'
assembling Cortex-M3-Start.s...
compiling delay.c...
compiling flash.c...
compiling dma.c...
compiling adc.c...
compiling can.c...
compiling interrupt.c...
compiling wdg.c...
compiling system.c...
compiling gpio.c...
compiling usart.c...
compiling spi.c...
compiling timer.c...
compiling i2c.c...
compiling device.c...
compiling spiflash.c...
compiling arithmetic.c...
compiling flashapply.c...
compiling sd.c...
compiling main.c...
linking...
Program Size: Code=4452 RO-data=268 RW-data=4 ZI-data=9860  
FromELF: creating hex file...
".\Objects\PROJECT.axf" - 0 Error(s), 0 Warning(s).
Build Time Elapsed:  00:00:01
